pheno=Pheno()
BeatGene(pheno,bpm=159.638067783)
OffBeatGene(pheno,pos=0.252573511527,trig_id=0)
OffBeatGene(pheno,pos=0.899346706315,trig_id=0)
OffBeatGene(pheno,pos=0.484557167669,trig_id=0)
OffBeatGene(pheno,pos=0.430150817612,trig_id=0)
OffBeatGene(pheno,pos=0.351536112566,trig_id=0)
OffBeatGene(pheno,pos=0.537513326686,trig_id=0)
OffBeatGene(pheno,pos=0.839506571653,trig_id=0)
OffBeatGene(pheno,pos=0.948822495515,trig_id=0)
OffBeatGene(pheno,pos=0.452738839633,trig_id=0)
OffBeatGene(pheno,pos=0.931708909613,trig_id=0)
SequenceGene(pheno,seq=[7, 3, 11, 19, 6, 12, 18, 12, 15, 17, 17])
AmpMapGene(pheno,map=[0.6255645309197179, 0.3171743129558471, 0.10969272326629986, 0.9629601652702655, 0.45052966286916174, 0.42549924969293595, 0.1624871671583168, 0.08626283652570932, 0.05995371398678595, 0.41891999108009037, 0.5856690430525392, 0.7189562140286428, 0.132163006640464, 0.3620112180673145, 0.5908020014916093, 0.3374594042460568, 0.5706987670131496, 0.42092556941391146, 0.5471522229673679, 0.9882921072611853])
PitchMapGene(pheno,map=[69, 68, 64, 33, 72, 48, 35, 62, 27, 68, 78, 62, 46, 42, 30, 32, 49, 53, 52, 63])
PhraseGene(pheno,amp_map_id=0,amp_seq_id=0,amp_thresh=0.705953022304,n_bars=1,pitch_map_id=0,pitch_seq_id=0)
NoiseGene(pheno)
ADSREnvelopeGene(pheno,attack=0.00390757130796,decay=0.0340630481136,phrase_id=0,release=0.0961218605057,sustain=0.0765700396188)
ModulatedNoiseGene(pheno,env_id=0,noise_id=0)
FilterGene(pheno,freq=12.1959572716,input_id=0,mul=0.678570077275,q=133.38643996,type=2)
SequenceGene(pheno,seq=[1, 7, 15, 10, 4, 5, 19, 3, 10, 11, 9])
AmpMapGene(pheno,map=[0.5927418765865516, 0.47266077044656396, 0.2232340097161536, 0.2480638970338752, 0.46252583045404727, 0.8002397764441418, 0.9371262109245415, 0.00944289662270581, 0.6441398612757078, 0.48393885332452646, 0.1402675918556997, 0.5907294445744523, 0.09040218078208884, 0.048114811269747815, 0.9131790373999833, 0.9380705410659603, 0.3812506404086953, 0.9894007447960504, 0.26289814785579935, 0.6879159297913017])
PitchMapGene(pheno,map=[46, 77, 33, 62, 71, 20, 59, 63, 55, 74, 48, 51, 79, 69, 36, 42, 40, 44, 42, 33])
PhraseGene(pheno,amp_map_id=1,amp_seq_id=1,amp_thresh=0.570598402227,n_bars=1,pitch_map_id=1,pitch_seq_id=1)
OscGene(pheno,phrase_id=1,type=3)
ADSREnvelopeGene(pheno,attack=0.0186381337027,decay=0.0013033983915,phrase_id=1,release=0.0191114320411,sustain=0.923610708316)
ModulatedNoiseGene(pheno,env_id=1,noise_id=1)
FilterGene(pheno,freq=465.181654478,input_id=1,mul=1.39883432324,q=27.4454300329,type=2)
SequenceGene(pheno,seq=[2, 13, 7, 4, 13, 15, 10, 3, 17, 4, 11])
AmpMapGene(pheno,map=[0.6654488376827244, 0.6478656952417887, 0.3475595991815762, 0.2330114553281477, 0.5198080984623856, 0.6523159418170464, 0.25587229577515325, 0.5992329499652652, 0.9824674702925767, 0.702429468470814, 0.6508391432313665, 0.42013686799127126, 0.8271226414865216, 0.991207909219897, 0.906597271410396, 0.6731842985125263, 0.3129827013489833, 0.31377824917283414, 0.9933723622682636, 0.17666090579946003])
PitchMapGene(pheno,map=[24, 41, 35, 51, 52, 21, 71, 50, 63, 66, 47, 33, 80, 44, 44, 45, 33, 51, 40, 66])
PhraseGene(pheno,amp_map_id=2,amp_seq_id=2,amp_thresh=0.873097839507,n_bars=1,pitch_map_id=2,pitch_seq_id=2)
OscGene(pheno,phrase_id=2,type=1)
ADSREnvelopeGene(pheno,attack=0.00394405284724,decay=0.020918807373,phrase_id=2,release=0.00500851012777,sustain=0.197918714898)
ModulatedNoiseGene(pheno,env_id=2,noise_id=2)
FilterGene(pheno,freq=277.71914646,input_id=2,mul=1.07333860121,q=21.6013629962,type=2)
SequenceGene(pheno,seq=[12, 12, 14, 10, 13, 13, 3, 15, 7, 18, 14])
AmpMapGene(pheno,map=[0.8124894257668167, 0.8495838172558541, 0.30084041740136225, 0.10010363403655997, 0.3316384275156605, 0.5085804547587189, 0.6612528753645649, 0.4361069866425876, 0.5190949269701928, 0.4058419175045537, 0.15494309321930477, 0.47616454732702074, 0.9372996972433352, 0.0959967359048316, 0.7423769684577931, 0.4864365615550095, 0.08993104397063123, 0.6227853950647382, 0.1441412058680389, 0.527146672191182])
PitchMapGene(pheno,map=[52, 53, 42, 76, 50, 47, 36, 31, 63, 33, 66, 39, 66, 33, 74, 21, 67, 40, 70, 40])
PhraseGene(pheno,amp_map_id=3,amp_seq_id=3,amp_thresh=0.450169080228,n_bars=1,pitch_map_id=3,pitch_seq_id=3)
OscGene(pheno,phrase_id=3,type=6)
ADSREnvelopeGene(pheno,attack=0.0188363848274,decay=0.489862986228,phrase_id=3,release=0.0828472873527,sustain=0.323599175725)
ModulatedNoiseGene(pheno,env_id=3,noise_id=3)
FilterGene(pheno,freq=170.29776313,input_id=3,mul=1.94645234631,q=0.204965615858,type=2)
SequenceGene(pheno,seq=[14, 17, 4, 14, 17, 14, 19, 14, 1, 14, 4])
AmpMapGene(pheno,map=[0.462658025486565, 0.7719084507394939, 0.5851408348759835, 0.3844419530619977, 0.2537742144487891, 0.2471137825493307, 0.5017252061707309, 0.5387886923209729, 0.01867650997308057, 0.9625179948666533, 0.520679570942449, 0.5841786286256206, 0.6594697767971182, 0.4844605623608631, 0.9210587621510288, 0.9484145080618658, 0.647739943878485, 0.3106009357928068, 0.3134834458559721, 0.1632757175493761])
PitchMapGene(pheno,map=[50, 61, 56, 70, 45, 71, 56, 77, 26, 41, 65, 23, 72, 27, 40, 54, 53, 43, 21, 71])
PhraseGene(pheno,amp_map_id=4,amp_seq_id=4,amp_thresh=0.142936205571,n_bars=1,pitch_map_id=4,pitch_seq_id=4)
OscGene(pheno,phrase_id=4,type=0)
ADSREnvelopeGene(pheno,attack=0.0149951197641,decay=0.0484753692046,phrase_id=4,release=0.0495182629987,sustain=0.310183483036)
ModulatedNoiseGene(pheno,env_id=4,noise_id=4)
FilterGene(pheno,freq=121.391849499,input_id=4,mul=0.767601738281,q=11.0273751574,type=2)
SequenceGene(pheno,seq=[4, 11, 17, 3, 19, 10, 3, 0, 7, 18, 17])
AmpMapGene(pheno,map=[0.7468990520073745, 0.4245246599872101, 0.10725781685841163, 0.4729933798213456, 0.7480175077306912, 0.4880072365296815, 0.44690773891229285, 0.9860795692143166, 0.014898709262363474, 0.33920312290782295, 0.04053181845123521, 0.5328734380620449, 0.48405611903540047, 0.6204600775945355, 0.2666493224351091, 0.6571356596047662, 0.35907689064878734, 0.8941211192603029, 0.39508516587163756, 0.14029982839904886])
PitchMapGene(pheno,map=[45, 63, 70, 50, 43, 62, 47, 45, 75, 47, 64, 55, 67, 44, 57, 23, 63, 23, 47, 68])
PhraseGene(pheno,amp_map_id=5,amp_seq_id=5,amp_thresh=0.276182144453,n_bars=1,pitch_map_id=5,pitch_seq_id=5)
OscGene(pheno,phrase_id=5,type=4)
ADSREnvelopeGene(pheno,attack=0.0513728203015,decay=0.0111146821696,phrase_id=5,release=0.00651686754702,sustain=0.272075798452)
ModulatedNoiseGene(pheno,env_id=5,noise_id=5)
FilterGene(pheno,freq=810.85051343,input_id=5,mul=-0.467547704664,q=12.9296521586,type=2)
SequenceGene(pheno,seq=[10, 5, 8, 17, 6, 17, 7, 17, 5, 4, 7])
AmpMapGene(pheno,map=[0.23104324821129618, 0.9214574934580003, 0.45852327918147906, 0.6671343837038375, 0.5335226302651788, 0.9887380625280042, 0.18762815556290657, 0.5280175668788241, 0.4218273570409703, 0.18053211884903686, 0.8410535154078842, 0.1788263841825669, 0.16998069096268842, 0.6732292487824351, 0.5198376239293993, 0.5865445222329588, 0.2579309734540173, 0.7929062487833028, 0.38139679214021016, 0.7569051814835904])
PitchMapGene(pheno,map=[71, 33, 73, 33, 76, 60, 61, 53, 59, 25, 30, 78, 48, 24, 22, 62, 54, 79, 33, 68])
PhraseGene(pheno,amp_map_id=6,amp_seq_id=6,amp_thresh=0.108157120547,n_bars=1,pitch_map_id=6,pitch_seq_id=6)
OscGene(pheno,phrase_id=6,type=7)
ADSREnvelopeGene(pheno,attack=0.175035647921,decay=0.038064776295,phrase_id=6,release=0.0467572944407,sustain=0.384371916598)
ModulatedNoiseGene(pheno,env_id=6,noise_id=6)
FilterGene(pheno,freq=58.0970509771,input_id=6,mul=-1.93583655593,q=0.361144932698,type=2)
SequenceGene(pheno,seq=[19, 12, 19, 10, 10, 17, 14, 9, 13, 3, 0])
AmpMapGene(pheno,map=[0.6451759140601212, 0.6910794814334859, 0.7785699892771634, 0.8071965145700355, 0.3659740999673582, 0.4587174802233457, 0.46738425788277826, 0.42829602879046724, 0.10067225977774785, 0.31437510434347427, 0.096599309363818, 0.738165176164243, 0.17259878001263318, 0.777491353834471, 0.4953406630798297, 0.15815204883780665, 0.38010763710413087, 0.34456597669350875, 0.021522488058217215, 0.16438856041880023])
PitchMapGene(pheno,map=[80, 71, 20, 69, 28, 23, 49, 23, 43, 33, 47, 77, 73, 53, 72, 74, 25, 47, 68, 44])
PhraseGene(pheno,amp_map_id=7,amp_seq_id=7,amp_thresh=0.0885406675532,n_bars=1,pitch_map_id=7,pitch_seq_id=7)
OscGene(pheno,phrase_id=7,type=0)
ADSREnvelopeGene(pheno,attack=0.0159604156756,decay=0.00178582841375,phrase_id=7,release=0.0111488300372,sustain=0.333682717277)
ModulatedNoiseGene(pheno,env_id=7,noise_id=7)
FilterGene(pheno,freq=7825.76553427,input_id=7,mul=-0.47990957056,q=489.120105309,type=2)
SequenceGene(pheno,seq=[12, 3, 6, 6, 13, 18, 17, 13, 11, 11, 13])
AmpMapGene(pheno,map=[0.6544560890037006, 0.6536487716931565, 0.882516362010984, 0.07968640964878437, 0.3984372045792105, 0.9938627678131183, 0.7068191222296432, 0.4857641194760314, 0.29245291406426877, 0.9489300279314445, 0.48822009243877473, 0.8752249359097894, 0.7731363699765044, 0.023130490691579797, 0.028408015529131636, 0.5915618373226573, 0.2945729116651743, 0.7547774561020799, 0.41122959388142266, 0.5004075797756233])
PitchMapGene(pheno,map=[31, 54, 36, 46, 22, 54, 66, 20, 76, 62, 47, 38, 46, 24, 57, 60, 36, 78, 43, 63])
PhraseGene(pheno,amp_map_id=8,amp_seq_id=8,amp_thresh=0.846710158208,n_bars=1,pitch_map_id=8,pitch_seq_id=8)
OscGene(pheno,phrase_id=8,type=3)
ADSREnvelopeGene(pheno,attack=0.275470808008,decay=0.0181846846054,phrase_id=8,release=0.00758333125076,sustain=0.00483587886212)
ModulatedNoiseGene(pheno,env_id=8,noise_id=8)
FilterGene(pheno,freq=150.230816045,input_id=8,mul=-0.988610326997,q=31.0130820699,type=2)
SequenceGene(pheno,seq=[17, 4, 5, 12, 0, 3, 9, 15, 9, 0, 1])
AmpMapGene(pheno,map=[0.20512386581733266, 0.016055541554587438, 0.4757989202574795, 0.31366232769397884, 0.35009632405302316, 0.4891396138323387, 0.8335394319981442, 0.06422690859288671, 0.9425408689205088, 0.22917808004884943, 0.47234457056076906, 0.8312393549648553, 0.5500302922418827, 0.9215451813429252, 0.7676625019601319, 0.9695806127213074, 0.8384513198282639, 0.1530470909482038, 0.46721814125935457, 0.7608236144139491])
PitchMapGene(pheno,map=[54, 42, 80, 41, 38, 78, 32, 33, 71, 23, 79, 35, 75, 33, 37, 62, 36, 39, 55, 23])
PhraseGene(pheno,amp_map_id=9,amp_seq_id=9,amp_thresh=0.519828757702,n_bars=1,pitch_map_id=9,pitch_seq_id=9)
OscGene(pheno,phrase_id=9,type=2)
ADSREnvelopeGene(pheno,attack=0.0352831035542,decay=0.219739480619,phrase_id=9,release=0.0233268055156,sustain=0.956348152196)
ModulatedNoiseGene(pheno,env_id=9,noise_id=9)
FilterGene(pheno,freq=377.945115329,input_id=9,mul=1.63217407325,q=1.15132382683,type=2)
SequenceGene(pheno,seq=[4, 9, 1, 8, 9, 0, 8, 19, 6, 14, 6])
AmpMapGene(pheno,map=[0.6258725200441547, 0.24053239687964267, 0.16908271681922993, 0.9684338474358754, 0.2366960548702003, 0.7426619522625612, 0.8273445185572116, 0.5677727169200777, 0.3364049980041799, 0.693682078853341, 0.16197379666065603, 0.522156995095918, 0.9331720686210044, 0.013891585653762473, 0.8225503866571543, 0.21485512954596064, 0.4921756799349942, 0.6622336063426295, 0.035271382031651144, 0.6098430772786937])
PitchMapGene(pheno,map=[45, 70, 50, 28, 40, 39, 27, 75, 59, 26, 49, 75, 25, 61, 27, 51, 32, 35, 72, 79])
PhraseGene(pheno,amp_map_id=10,amp_seq_id=10,amp_thresh=0.0935189015994,n_bars=1,pitch_map_id=10,pitch_seq_id=10)
OscGene(pheno,phrase_id=10,type=6)
ADSREnvelopeGene(pheno,attack=0.00921494242838,decay=0.00591270105711,phrase_id=10,release=0.00347287582732,sustain=0.311748454277)
ModulatedNoiseGene(pheno,env_id=10,noise_id=10)
FilterGene(pheno,freq=146.040563316,input_id=10,mul=0.363066807042,q=1.36875837926,type=2)
print pheno
build.play()
